<?xml version="1.0" encoding="UTF-8"?>
<!-- Generated by org.testng.reporters.JUnitReportReporter -->
<testsuite hostname="VINKM-LAP" name="com.testscripts.dummy" tests="1" failures="0" timestamp="10 Jul 2019 10:32:35 GMT" time="0.017" errors="0">
  <testcase name="f" time="0.017" classname="com.testscripts.dummy"/>
</testsuite> <!-- com.testscripts.dummy -->
