<?xml version="1.0" encoding="UTF-8"?>
<!-- Generated by org.testng.reporters.JUnitReportReporter -->
<testsuite hostname="VINKM-LAP" name="com.testscripts.CartshoeItem" tests="1" failures="0" timestamp="11 Jul 2019 02:34:37 GMT" time="29.908" errors="0">
  <testcase name="AddItemToCart" time="29.908" classname="com.testscripts.CartshoeItem"/>
</testsuite> <!-- com.testscripts.CartshoeItem -->
